<?xml version="1.0" encoding="UTF-8"?>
<testsuite xmlns:xsi="http://www.w3.org/2001/XMLSchema-instance" xsi:noNamespaceSchemaLocation="https://maven.apache.org/surefire/maven-surefire-plugin/xsd/surefire-test-report-3.0.xsd" version="3.0" name="tests.DeleteBookTest" time="0.605" tests="2" errors="0" skipped="0" failures="0">
  <properties>
    <property name="java.specification.version" value="24"/>
    <property name="sun.cpu.isalist" value="amd64"/>
    <property name="sun.jnu.encoding" value="Cp1252"/>
    <property name="java.class.path" value="C:\Users\PRIYANKA\Downloads\api-automation-java\target\test-classes;C:\Users\PRIYANKA\Downloads\api-automation-java\target\classes;C:\Users\PRIYANKA\.m2\repository\org\junit\jupiter\junit-jupiter\5.10.1\junit-jupiter-5.10.1.jar;C:\Users\PRIYANKA\.m2\repository\org\junit\jupiter\junit-jupiter-api\5.10.1\junit-jupiter-api-5.10.1.jar;C:\Users\PRIYANKA\.m2\repository\org\opentest4j\opentest4j\1.3.0\opentest4j-1.3.0.jar;C:\Users\PRIYANKA\.m2\repository\org\junit\platform\junit-platform-commons\1.10.1\junit-platform-commons-1.10.1.jar;C:\Users\PRIYANKA\.m2\repository\org\apiguardian\apiguardian-api\1.1.2\apiguardian-api-1.1.2.jar;C:\Users\PRIYANKA\.m2\repository\org\junit\jupiter\junit-jupiter-params\5.10.1\junit-jupiter-params-5.10.1.jar;C:\Users\PRIYANKA\.m2\repository\org\junit\jupiter\junit-jupiter-engine\5.10.1\junit-jupiter-engine-5.10.1.jar;C:\Users\PRIYANKA\.m2\repository\org\junit\platform\junit-platform-engine\1.10.1\junit-platform-engine-1.10.1.jar;C:\Users\PRIYANKA\.m2\repository\io\rest-assured\rest-assured\5.3.0\rest-assured-5.3.0.jar;C:\Users\PRIYANKA\.m2\repository\org\apache\groovy\groovy\4.0.6\groovy-4.0.6.jar;C:\Users\PRIYANKA\.m2\repository\org\apache\groovy\groovy-xml\4.0.6\groovy-xml-4.0.6.jar;C:\Users\PRIYANKA\.m2\repository\org\apache\httpcomponents\httpclient\4.5.13\httpclient-4.5.13.jar;C:\Users\PRIYANKA\.m2\repository\org\apache\httpcomponents\httpcore\4.4.13\httpcore-4.4.13.jar;C:\Users\PRIYANKA\.m2\repository\commons-logging\commons-logging\1.2\commons-logging-1.2.jar;C:\Users\PRIYANKA\.m2\repository\commons-codec\commons-codec\1.11\commons-codec-1.11.jar;C:\Users\PRIYANKA\.m2\repository\org\apache\httpcomponents\httpmime\4.5.13\httpmime-4.5.13.jar;C:\Users\PRIYANKA\.m2\repository\org\hamcrest\hamcrest\2.1\hamcrest-2.1.jar;C:\Users\PRIYANKA\.m2\repository\org\ccil\cowan\tagsoup\tagsoup\1.2.1\tagsoup-1.2.1.jar;C:\Users\PRIYANKA\.m2\repository\io\rest-assured\json-path\5.3.0\json-path-5.3.0.jar;C:\Users\PRIYANKA\.m2\repository\org\apache\groovy\groovy-json\4.0.6\groovy-json-4.0.6.jar;C:\Users\PRIYANKA\.m2\repository\io\rest-assured\rest-assured-common\5.3.0\rest-assured-common-5.3.0.jar;C:\Users\PRIYANKA\.m2\repository\io\rest-assured\xml-path\5.3.0\xml-path-5.3.0.jar;C:\Users\PRIYANKA\.m2\repository\org\apache\commons\commons-lang3\3.11\commons-lang3-3.11.jar;C:\Users\PRIYANKA\.m2\repository\org\json\json\20240303\json-20240303.jar;C:\Users\PRIYANKA\.m2\repository\io\qameta\allure\allure-junit5\2.24.0\allure-junit5-2.24.0.jar;C:\Users\PRIYANKA\.m2\repository\io\qameta\allure\allure-junit-platform\2.24.0\allure-junit-platform-2.24.0.jar;C:\Users\PRIYANKA\.m2\repository\io\qameta\allure\allure-java-commons\2.24.0\allure-java-commons-2.24.0.jar;C:\Users\PRIYANKA\.m2\repository\org\slf4j\slf4j-api\1.7.36\slf4j-api-1.7.36.jar;C:\Users\PRIYANKA\.m2\repository\io\qameta\allure\allure-model\2.24.0\allure-model-2.24.0.jar;C:\Users\PRIYANKA\.m2\repository\io\qameta\allure\allure-test-filter\2.24.0\allure-test-filter-2.24.0.jar;C:\Users\PRIYANKA\.m2\repository\org\junit\platform\junit-platform-launcher\1.9.2\junit-platform-launcher-1.9.2.jar;C:\Users\PRIYANKA\.m2\repository\junit\junit\4.13.2\junit-4.13.2.jar;C:\Users\PRIYANKA\.m2\repository\org\hamcrest\hamcrest-core\1.3\hamcrest-core-1.3.jar;"/>
    <property name="java.vm.vendor" value="Oracle Corporation"/>
    <property name="sun.arch.data.model" value="64"/>
    <property name="user.variant" value=""/>
    <property name="java.vendor.url" value="https://java.oracle.com/"/>
    <property name="user.timezone" value="Asia/Calcutta"/>
    <property name="os.name" value="Windows 11"/>
    <property name="java.vm.specification.version" value="24"/>
    <property name="sun.java.launcher" value="SUN_STANDARD"/>
    <property name="user.country" value="IN"/>
    <property name="sun.boot.library.path" value="C:\Program Files\Java\jdk-24.0.1\bin"/>
    <property name="sun.java.command" value="C:\Users\PRIYANKA\AppData\Local\Temp\surefire106521141901657114\surefirebooter-20250608013530196_3.jar C:\Users\PRIYANKA\AppData\Local\Temp\surefire106521141901657114 2025-06-08T01-35-29_956-jvmRun1 surefire-20250608013530196_1tmp surefire_0-20250608013530196_2tmp"/>
    <property name="jdk.debug" value="release"/>
    <property name="surefire.test.class.path" value="C:\Users\PRIYANKA\Downloads\api-automation-java\target\test-classes;C:\Users\PRIYANKA\Downloads\api-automation-java\target\classes;C:\Users\PRIYANKA\.m2\repository\org\junit\jupiter\junit-jupiter\5.10.1\junit-jupiter-5.10.1.jar;C:\Users\PRIYANKA\.m2\repository\org\junit\jupiter\junit-jupiter-api\5.10.1\junit-jupiter-api-5.10.1.jar;C:\Users\PRIYANKA\.m2\repository\org\opentest4j\opentest4j\1.3.0\opentest4j-1.3.0.jar;C:\Users\PRIYANKA\.m2\repository\org\junit\platform\junit-platform-commons\1.10.1\junit-platform-commons-1.10.1.jar;C:\Users\PRIYANKA\.m2\repository\org\apiguardian\apiguardian-api\1.1.2\apiguardian-api-1.1.2.jar;C:\Users\PRIYANKA\.m2\repository\org\junit\jupiter\junit-jupiter-params\5.10.1\junit-jupiter-params-5.10.1.jar;C:\Users\PRIYANKA\.m2\repository\org\junit\jupiter\junit-jupiter-engine\5.10.1\junit-jupiter-engine-5.10.1.jar;C:\Users\PRIYANKA\.m2\repository\org\junit\platform\junit-platform-engine\1.10.1\junit-platform-engine-1.10.1.jar;C:\Users\PRIYANKA\.m2\repository\io\rest-assured\rest-assured\5.3.0\rest-assured-5.3.0.jar;C:\Users\PRIYANKA\.m2\repository\org\apache\groovy\groovy\4.0.6\groovy-4.0.6.jar;C:\Users\PRIYANKA\.m2\repository\org\apache\groovy\groovy-xml\4.0.6\groovy-xml-4.0.6.jar;C:\Users\PRIYANKA\.m2\repository\org\apache\httpcomponents\httpclient\4.5.13\httpclient-4.5.13.jar;C:\Users\PRIYANKA\.m2\repository\org\apache\httpcomponents\httpcore\4.4.13\httpcore-4.4.13.jar;C:\Users\PRIYANKA\.m2\repository\commons-logging\commons-logging\1.2\commons-logging-1.2.jar;C:\Users\PRIYANKA\.m2\repository\commons-codec\commons-codec\1.11\commons-codec-1.11.jar;C:\Users\PRIYANKA\.m2\repository\org\apache\httpcomponents\httpmime\4.5.13\httpmime-4.5.13.jar;C:\Users\PRIYANKA\.m2\repository\org\hamcrest\hamcrest\2.1\hamcrest-2.1.jar;C:\Users\PRIYANKA\.m2\repository\org\ccil\cowan\tagsoup\tagsoup\1.2.1\tagsoup-1.2.1.jar;C:\Users\PRIYANKA\.m2\repository\io\rest-assured\json-path\5.3.0\json-path-5.3.0.jar;C:\Users\PRIYANKA\.m2\repository\org\apache\groovy\groovy-json\4.0.6\groovy-json-4.0.6.jar;C:\Users\PRIYANKA\.m2\repository\io\rest-assured\rest-assured-common\5.3.0\rest-assured-common-5.3.0.jar;C:\Users\PRIYANKA\.m2\repository\io\rest-assured\xml-path\5.3.0\xml-path-5.3.0.jar;C:\Users\PRIYANKA\.m2\repository\org\apache\commons\commons-lang3\3.11\commons-lang3-3.11.jar;C:\Users\PRIYANKA\.m2\repository\org\json\json\20240303\json-20240303.jar;C:\Users\PRIYANKA\.m2\repository\io\qameta\allure\allure-junit5\2.24.0\allure-junit5-2.24.0.jar;C:\Users\PRIYANKA\.m2\repository\io\qameta\allure\allure-junit-platform\2.24.0\allure-junit-platform-2.24.0.jar;C:\Users\PRIYANKA\.m2\repository\io\qameta\allure\allure-java-commons\2.24.0\allure-java-commons-2.24.0.jar;C:\Users\PRIYANKA\.m2\repository\org\slf4j\slf4j-api\1.7.36\slf4j-api-1.7.36.jar;C:\Users\PRIYANKA\.m2\repository\io\qameta\allure\allure-model\2.24.0\allure-model-2.24.0.jar;C:\Users\PRIYANKA\.m2\repository\io\qameta\allure\allure-test-filter\2.24.0\allure-test-filter-2.24.0.jar;C:\Users\PRIYANKA\.m2\repository\org\junit\platform\junit-platform-launcher\1.9.2\junit-platform-launcher-1.9.2.jar;C:\Users\PRIYANKA\.m2\repository\junit\junit\4.13.2\junit-4.13.2.jar;C:\Users\PRIYANKA\.m2\repository\org\hamcrest\hamcrest-core\1.3\hamcrest-core-1.3.jar;"/>
    <property name="sun.cpu.endian" value="little"/>
    <property name="user.home" value="C:\Users\PRIYANKA"/>
    <property name="user.language" value="en"/>
    <property name="java.specification.vendor" value="Oracle Corporation"/>
    <property name="java.version.date" value="2025-04-15"/>
    <property name="java.home" value="C:\Program Files\Java\jdk-24.0.1"/>
    <property name="file.separator" value="\"/>
    <property name="basedir" value="C:\Users\PRIYANKA\Downloads\api-automation-java"/>
    <property name="java.vm.compressedOopsMode" value="32-bit"/>
    <property name="line.separator" value="&#10;"/>
    <property name="java.vm.specification.vendor" value="Oracle Corporation"/>
    <property name="java.specification.name" value="Java Platform API Specification"/>
    <property name="surefire.real.class.path" value="C:\Users\PRIYANKA\AppData\Local\Temp\surefire106521141901657114\surefirebooter-20250608013530196_3.jar"/>
    <property name="user.script" value=""/>
    <property name="sun.management.compiler" value="HotSpot 64-Bit Tiered Compilers"/>
    <property name="java.runtime.version" value="24.0.1+9-30"/>
    <property name="user.name" value="PRIYANKA"/>
    <property name="stdout.encoding" value="Cp1252"/>
    <property name="path.separator" value=";"/>
    <property name="os.version" value="10.0"/>
    <property name="java.runtime.name" value="OpenJDK Runtime Environment"/>
    <property name="file.encoding" value="UTF-8"/>
    <property name="java.vm.name" value="OpenJDK 64-Bit Server VM"/>
    <property name="localRepository" value="C:\Users\PRIYANKA\.m2\repository"/>
    <property name="java.vendor.url.bug" value="https://bugreport.java.com/bugreport/"/>
    <property name="java.io.tmpdir" value="C:\Users\PRIYANKA\AppData\Local\Temp\"/>
    <property name="java.version" value="24.0.1"/>
    <property name="user.dir" value="C:\Users\PRIYANKA\Downloads\api-automation-java"/>
    <property name="os.arch" value="amd64"/>
    <property name="java.vm.specification.name" value="Java Virtual Machine Specification"/>
    <property name="sun.os.patch.level" value=""/>
    <property name="native.encoding" value="Cp1252"/>
    <property name="java.library.path" value="C:\Program Files\Java\jdk-24.0.1\bin;C:\WINDOWS\Sun\Java\bin;C:\WINDOWS\system32;C:\WINDOWS;C:\Program Files (x86)\Common Files\Oracle\Java\java8path;C:\Program Files (x86)\Common Files\Oracle\Java\javapath;C:\WINDOWS\system32;C:\WINDOWS;C:\WINDOWS\System32\Wbem;C:\WINDOWS\System32\WindowsPowerShell\v1.0\;C:\WINDOWS\System32\OpenSSH\;C:\Program Files\dotnet\;C:\Program Files\Git\cmd;C:\Program Files\Docker\Docker\resources\bin;C:\Program Files\apache-maven-3.9.10\bin;C:\Program Files (x86)\Common Files\Oracle\Java\java8path;C:\Program Files (x86)\Common Files\Oracle\Java\javapath;C:\WINDOWS\system32;C:\WINDOWS;C:\WINDOWS\System32\Wbem;C:\WINDOWS\System32\WindowsPowerShell\v1.0\;C:\WINDOWS\System32\OpenSSH\;C:\Program Files\dotnet\;C:\Program Files\Git\cmd;C:\Program Files\MySQL\MySQL Shell 8.0\bin\;C:\Users\PRIYANKA\AppData\Local\Microsoft\WindowsApps;C:\Users\PRIYANKA\AppData\Local\Muse Hub\lib;C:\Users\PRIYANKA\AppData\Local\Packages\PythonSoftwareFoundation.Python.3.12_qbz5n2kfra8p0\LocalCache\local-packages\Python312\Scripts\;C:\Program Files\Java\jdk-24.0.1\bin;C:\Program Files\SQLite;C:\Users\PRIYANKA\AppData\Local\Muse Hub\lib;C:\Program Files\allure-2.34.0\bin;;."/>
    <property name="java.vm.info" value="mixed mode, sharing"/>
    <property name="stderr.encoding" value="Cp1252"/>
    <property name="java.vendor" value="Oracle Corporation"/>
    <property name="java.vm.version" value="24.0.1+9-30"/>
    <property name="sun.io.unicode.encoding" value="UnicodeLittle"/>
    <property name="java.class.version" value="68.0"/>
  </properties>
  <testcase name="testDeleteBook" classname="tests.DeleteBookTest" time="0.142">
    <system-out><![CDATA[Request method:	POST
Request URI:	http://localhost:8000/login
Proxy:			<none>
Request params:	<none>
Query params:	<none>
Form params:	<none>
Path params:	<none>
Headers:		Accept=*/*
				Content-Type=application/json
Cookies:		<none>
Multiparts:		<none>
Body:
{
    "password": "password123",
    "email": "user@example.com"
}
HTTP/1.1 200 OK
date: Sat, 07 Jun 2025 20:05:34 GMT
server: uvicorn
content-length: 180
content-type: application/json

{
    "access_token": "eyJ0eXAiOiJKV1QiLCJhbGciOiJIUzI1NiJ9.eyJzdWIiOiJ1c2VyQGV4YW1wbGUuY29tIiwiZXhwIjoxNzQ5MzI4NTM1fQ.BzqmkEXsBLZvzByb1Bq8xsnTqeBNOAMGSDauQyX_YEQ",
    "token_type": "bearer"
}
Request method:	POST
Request URI:	http://localhost:8000/books/
Proxy:			<none>
Request params:	<none>
Query params:	<none>
Form params:	<none>
Path params:	<none>
Headers:		Authorization=Bearer eyJ0eXAiOiJKV1QiLCJhbGciOiJIUzI1NiJ9.eyJzdWIiOiJ1c2VyQGV4YW1wbGUuY29tIiwiZXhwIjoxNzQ5MzI4NTM1fQ.BzqmkEXsBLZvzByb1Bq8xsnTqeBNOAMGSDauQyX_YEQ
				Accept=*/*
				Content-Type=application/json
Cookies:		<none>
Multiparts:		<none>
Body:
{
    "book_summary": "A collection of devotional poems",
    "published_year": 1910,
    "author": "Rabindranath Tagore",
    "name": "Gitanjali"
}
HTTP/1.1 200 OK
date: Sat, 07 Jun 2025 20:05:34 GMT
server: uvicorn
content-length: 131
content-type: application/json

{
    "book_summary": "A collection of devotional poems",
    "id": 61,
    "author": "Rabindranath Tagore",
    "name": "Gitanjali",
    "published_year": 1910
}
Request method:	DELETE
Request URI:	http://localhost:8000/books/61
Proxy:			<none>
Request params:	<none>
Query params:	<none>
Form params:	<none>
Path params:	id=61
Headers:		Authorization=Bearer eyJ0eXAiOiJKV1QiLCJhbGciOiJIUzI1NiJ9.eyJzdWIiOiJ1c2VyQGV4YW1wbGUuY29tIiwiZXhwIjoxNzQ5MzI4NTM1fQ.BzqmkEXsBLZvzByb1Bq8xsnTqeBNOAMGSDauQyX_YEQ
				Accept=*/*
Cookies:		<none>
Multiparts:		<none>
Body:			<none>
HTTP/1.1 200 OK
date: Sat, 07 Jun 2025 20:05:34 GMT
server: uvicorn
content-length: 39
content-type: application/json

{
    "message": "Book deleted successfully"
}
]]></system-out>
  </testcase>
  <testcase name="testDeleteBookNotFound" classname="tests.DeleteBookTest" time="0.032">
    <system-out><![CDATA[Request method:	DELETE
Request URI:	http://localhost:8000/books/10060
Proxy:			<none>
Request params:	<none>
Query params:	<none>
Form params:	<none>
Path params:	id=10060
Headers:		Authorization=Bearer eyJ0eXAiOiJKV1QiLCJhbGciOiJIUzI1NiJ9.eyJzdWIiOiJ1c2VyQGV4YW1wbGUuY29tIiwiZXhwIjoxNzQ5MzI4NTM1fQ.BzqmkEXsBLZvzByb1Bq8xsnTqeBNOAMGSDauQyX_YEQ
				Accept=*/*
Cookies:		<none>
Multiparts:		<none>
Body:			<none>
HTTP/1.1 404 Not Found
date: Sat, 07 Jun 2025 20:05:34 GMT
server: uvicorn
content-length: 27
content-type: application/json

{
    "detail": "Book not found"
}
]]></system-out>
  </testcase>
</testsuite>